<?xml version="1.0" encoding="UTF-8"?>
<testng-results ignored="0" total="1" passed="1" failed="0" skipped="0">
  <reporter-output>
    <line>
      <![CDATA[hi am using for the first time reporter]]>
    </line>
  </reporter-output>
  <suite started-at="2023-08-05T20:54:23 IST" name="Default suite" finished-at="2023-08-05T20:54:23 IST" duration-ms="46">
    <groups>
    </groups>
    <test started-at="2023-08-05T20:54:23 IST" name="Default test" finished-at="2023-08-05T20:54:23 IST" duration-ms="46">
      <class name="devopssample.Test1">
        <test-method signature="method1()[pri:0, instance:devopssample.Test1@28f2a10f]" started-at="2023-08-05T20:54:23 IST" name="method1" finished-at="2023-08-05T20:54:23 IST" duration-ms="10" status="PASS">
          <reporter-output>
            <line>
              <![CDATA[hi am using for the first time reporter]]>
            </line>
          </reporter-output>
        </test-method> <!-- method1 -->
      </class> <!-- devopssample.Test1 -->
    </test> <!-- Default test -->
  </suite> <!-- Default suite -->
</testng-results>
